Performing C SOURCE FILE Test CMAKE_HAVE_LIBC_PTHREAD failed with the following output:
Change Dir: /home/male/Documents/Robots_2024-I/Práctica 3, Maria Pérez, Yovany Vargas/catkin_ws/build/catkin_tools_prebuild/CMakeFiles/CMakeTmp

Run Build Command(s):/usr/bin/make cmTC_7559a/fast && /usr/bin/make -f CMakeFiles/cmTC_7559a.dir/build.make CMakeFiles/cmTC_7559a.dir/build
make[1]: Entering directory '/home/male/Documents/Robots_2024-I/Práctica 3, Maria Pérez, Yovany Vargas/catkin_ws/build/catkin_tools_prebuild/CMakeFiles/CMakeTmp'
Building C object CMakeFiles/cmTC_7559a.dir/src.c.o
/usr/bin/cc   -DCMAKE_HAVE_LIBC_PTHREAD   -o CMakeFiles/cmTC_7559a.dir/src.c.o   -c "/home/male/Documents/Robots_2024-I/Práctica 3, Maria Pérez, Yovany Vargas/catkin_ws/build/catkin_tools_prebuild/CMakeFiles/CMakeTmp/src.c"
Linking C executable cmTC_7559a
/usr/bin/cmake -E cmake_link_script CMakeFiles/cmTC_7559a.dir/link.txt --verbose=1
/usr/bin/cc  -DCMAKE_HAVE_LIBC_PTHREAD    -rdynamic CMakeFiles/cmTC_7559a.dir/src.c.o  -o cmTC_7559a 
/usr/bin/ld: CMakeFiles/cmTC_7559a.dir/src.c.o: in function `main':
src.c:(.text+0x46): undefined reference to `pthread_create'
/usr/bin/ld: src.c:(.text+0x52): undefined reference to `pthread_detach'
/usr/bin/ld: src.c:(.text+0x63): undefined reference to `pthread_join'
collect2: error: ld returned 1 exit status
make[1]: *** [CMakeFiles/cmTC_7559a.dir/build.make:87: cmTC_7559a] Error 1
make[1]: Leaving directory '/home/male/Documents/Robots_2024-I/Práctica 3, Maria Pérez, Yovany Vargas/catkin_ws/build/catkin_tools_prebuild/CMakeFiles/CMakeTmp'
make: *** [Makefile:121: cmTC_7559a/fast] Error 2


Source file was:
#include <pthread.h>

void* test_func(void* data)
{
  return data;
}

int main(void)
{
  pthread_t thread;
  pthread_create(&thread, NULL, test_func, NULL);
  pthread_detach(thread);
  pthread_join(thread, NULL);
  pthread_atfork(NULL, NULL, NULL);
  pthread_exit(NULL);

  return 0;
}

Determining if the function pthread_create exists in the pthreads failed with the following output:
Change Dir: /home/male/Documents/Robots_2024-I/Práctica 3, Maria Pérez, Yovany Vargas/catkin_ws/build/catkin_tools_prebuild/CMakeFiles/CMakeTmp

Run Build Command(s):/usr/bin/make cmTC_487ea/fast && /usr/bin/make -f CMakeFiles/cmTC_487ea.dir/build.make CMakeFiles/cmTC_487ea.dir/build
make[1]: Entering directory '/home/male/Documents/Robots_2024-I/Práctica 3, Maria Pérez, Yovany Vargas/catkin_ws/build/catkin_tools_prebuild/CMakeFiles/CMakeTmp'
Building C object CMakeFiles/cmTC_487ea.dir/CheckFunctionExists.c.o
/usr/bin/cc   -DCHECK_FUNCTION_EXISTS=pthread_create   -o CMakeFiles/cmTC_487ea.dir/CheckFunctionExists.c.o   -c /usr/share/cmake-3.16/Modules/CheckFunctionExists.c
Linking C executable cmTC_487ea
/usr/bin/cmake -E cmake_link_script CMakeFiles/cmTC_487ea.dir/link.txt --verbose=1
/usr/bin/cc  -DCHECK_FUNCTION_EXISTS=pthread_create    -rdynamic CMakeFiles/cmTC_487ea.dir/CheckFunctionExists.c.o  -o cmTC_487ea  -lpthreads 
/usr/bin/ld: cannot find -lpthreads
collect2: error: ld returned 1 exit status
make[1]: *** [CMakeFiles/cmTC_487ea.dir/build.make:87: cmTC_487ea] Error 1
make[1]: Leaving directory '/home/male/Documents/Robots_2024-I/Práctica 3, Maria Pérez, Yovany Vargas/catkin_ws/build/catkin_tools_prebuild/CMakeFiles/CMakeTmp'
make: *** [Makefile:121: cmTC_487ea/fast] Error 2



